<?xml version="1.0" encoding="UTF-8"?>
<testng-results skipped="0" failed="0" ignored="0" total="1" passed="1">
  <reporter-output>
  </reporter-output>
  <suite name="Suite" duration-ms="42226" started-at="2019-01-16T05:08:31Z" finished-at="2019-01-16T05:09:13Z">
    <groups>
      <group name="cucumber">
        <method signature="AbstractTestNGCucumberTests.feature(cucumber.api.testng.CucumberFeatureWrapper)[pri:0, instance:cucuopti.TestRun@67b92f0a]" name="feature" class="cucumber.api.testng.AbstractTestNGCucumberTests"/>
      </group> <!-- cucumber -->
    </groups>
    <test name="validating" duration-ms="42226" started-at="2019-01-16T05:08:31Z" finished-at="2019-01-16T05:09:13Z">
      <class name="cucuopti.TestRun">
        <test-method status="PASS" signature="setUpClass()[pri:0, instance:cucuopti.TestRun@67b92f0a]" name="setUpClass" is-config="true" duration-ms="1700" started-at="2019-01-16T10:38:31Z" finished-at="2019-01-16T10:38:33Z">
          <reporter-output>
          </reporter-output>
        </test-method> <!-- setUpClass -->
        <test-method status="PASS" signature="feature(cucumber.api.testng.CucumberFeatureWrapper)[pri:0, instance:cucuopti.TestRun@67b92f0a]" name="feature" duration-ms="40027" started-at="2019-01-16T10:38:33Z" description="Runs Cucumber Feature" data-provider="features" finished-at="2019-01-16T10:39:13Z">
          <params>
            <param index="0">
              <value>
                <![CDATA[Login into site]]>
              </value>
            </param>
          </params>
          <reporter-output>
          </reporter-output>
        </test-method> <!-- feature -->
        <test-method status="PASS" signature="tearDownClass()[pri:0, instance:cucuopti.TestRun@67b92f0a]" name="tearDownClass" is-config="true" duration-ms="12" started-at="2019-01-16T10:39:13Z" finished-at="2019-01-16T10:39:13Z">
          <reporter-output>
          </reporter-output>
        </test-method> <!-- tearDownClass -->
      </class> <!-- cucuopti.TestRun -->
    </test> <!-- validating -->
  </suite> <!-- Suite -->
</testng-results>
